<?xml version="1.0" encoding="UTF-8"?>
<!-- Generated by org.testng.reporters.JUnitXMLReporter -->
<testsuite hostname="DESKTOP-IM24CK1" ignored="0" name="Test" tests="3" failures="1" timestamp="27 May 2021 05:32:46 GMT" time="66.979" errors="0">
  <testcase name="validLoginLogout" time="13.998" classname="com_ActiTime_Test.ValidLoginLogoutTest"/>
  <testcase name="invalidLogin" time="11.632" classname="com_ActiTime_Test.InvalidLoginTest"/>
  <testcase name="verifyVersion" time="0.312" classname="com_ActiTime_Test.VerifyVersionTest">
    <failure type="java.lang.AssertionError" message="The following asserts failed:
	expected [actiTIME 2020 ] but found [actiTIME 2020 Online]">
      <![CDATA[java.lang.AssertionError: The following asserts failed:
expected [actiTIME 2020 ] but found [actiTIME 2020 Online]
at com_ActiTime_Test.VerifyVersionTest.verifyVersion(VerifyVersionTest.java:26)
... Removed 25 stack frames]]>
    </failure>
  </testcase> <!-- verifyVersion -->
</testsuite> <!-- Test -->
